<?xml version="1.0" encoding="UTF-8"?>
<!-- Generated by org.testng.reporters.JUnitXMLReporter -->
<testsuite hostname="马宇超-PC" name="Default test" tests="3" failures="0" timestamp="1 Sep 2015 08:42:58 GMT" time="134.254" errors="0">
  <testcase name="insertTest" time="25.137" classname="com.zhongzheng.selenium.Test.InsertTest"/>
  <testcase name="flipTest" time="19.129" classname="com.zhongzheng.selenium.Test.FlipTest"/>
  <testcase name="searchTest" time="9.23" classname="com.zhongzheng.selenium.Test.IndexTest"/>
</testsuite> <!-- Default test -->
